{"name": "test_register_email_address_label", "status": "failed", "statusDetails": {"message": "AssertionError: my account page register email label is not correct.\nassert 'Email address *\\nRequired' == 'Email address *'\n  - Email address *\n  + Email address *\n  ?                +\n  + Required", "trace": "self = <ssqatest.tests.frontend.my_account.test_my_Account_page_have_registration_form.TestRegisterForm object at 0x00000225D48C9F10>, setup = None\n\n    @pytest.mark.tcid15\n    @pytest.mark.ecomfe12\n    def test_register_email_address_label(self, setup):\n        \"\"\"\n        Test to verify the label for the email address field on the register form.\n    \n       Args:\n            setup: A setup object\n        \"\"\"\n        logger.info(f\"Running Test: test_register_email_address_label\")\n        self.homepage.go_to_home_page()\n        self.signout.go_to_my_account()\n    \n        Register_email = self.signout.get_register_form_email_label()\n    \n>       assert Register_email == 'Email address *', \"my account page register email label is not correct.\"\nE       AssertionError: my account page register email label is not correct.\nE       assert 'Email address *\\nRequired' == 'Email address *'\nE         - Email address *\nE         + Email address *\nE         ?                +\nE         + Required\n\nssqatest\\tests\\frontend\\my_account\\test_my_Account_page_have_registration_form.py:55: AssertionError"}, "description": "\n        Test to verify the label for the email address field on the register form.\n\n       Args:\n            setup: A setup object\n        ", "start": 1742569979839, "stop": 1742569980634, "uuid": "10c17d65-328f-4b29-ab51-40033862eb32", "historyId": "38f45635c11182b4be26f07837e83e10", "testCaseId": "4e4c82da9c9f5c95a4b075eab4d79fd8", "fullName": "ssqatest.tests.frontend.my_account.test_my_Account_page_have_registration_form.TestRegisterForm#test_register_email_address_label", "labels": [{"name": "tag", "value": "ecomfe12"}, {"name": "tag", "value": "tcid15"}, {"name": "tag", "value": "@pytest.mark.usefixtures('init_driver')"}, {"name": "parentSuite", "value": "ssqatest.tests.frontend.my_account"}, {"name": "suite", "value": "test_my_Account_page_have_registration_form"}, {"name": "subSuite", "value": "TestRegisterForm"}, {"name": "host", "value": "latha"}, {"name": "thread", "value": "15964-MainThread"}, {"name": "framework", "value": "pytest"}, {"name": "language", "value": "cpython3"}, {"name": "package", "value": "ssqatest.tests.frontend.my_account.test_my_Account_page_have_registration_form"}]}