{"name": "test_verify_x_y_result_is_displayed", "status": "failed", "statusDetails": {"message": "AssertionError: Showing 1–16 of 17 results is not displayed Expected: Showing 1–16 of 17 results, Actual: Showing 1–16 of 32 results\nassert 'Showing 1–16 of 32 results' == 'Showing 1–16 of 17 results'\n  - Showing 1–16 of 17 results\n  ?                 ^^\n  + Showing 1–16 of 32 results\n  ?                 ^^", "trace": "self = <ssqatest.tests.frontend.home_page.test_displayed_labeled.TestProductName object at 0x00000225D480E3F0>, setup = None\n\n    @pytest.mark.ecomfe33\n    def test_verify_x_y_result_is_displayed(self, setup):\n        \"\"\"\n        Test to verify that the expected heading \"Showing 1–16 of 17 results\" is displayed.\n    \n        Args:\n            setup: A setup object\n        \"\"\"\n        self.homepage.go_to_home_page()\n        expected_heading = 'Showing 1–16 of 17 results'\n        time.sleep(10)\n        displayed_heading = self.homepage.get_x_z_result()\n>       assert displayed_heading == expected_heading, \\\n            f\"Showing 1–16 of 17 results is not displayed \" \\\n            f\"Expected: {expected_heading}, Actual: {displayed_heading}\"\nE       AssertionError: Showing 1–16 of 17 results is not displayed Expected: Showing 1–16 of 17 results, Actual: Showing 1–16 of 32 results\nE       assert 'Showing 1–16 of 32 results' == 'Showing 1–16 of 17 results'\nE         - Showing 1–16 of 17 results\nE         ?                 ^^\nE         + Showing 1–16 of 32 results\nE         ?                 ^^\n\nssqatest\\tests\\frontend\\home_page\\test_displayed_labeled.py:46: AssertionError"}, "description": "\n        Test to verify that the expected heading \"Showing 1–16 of 17 results\" is displayed.\n\n        Args:\n            setup: A setup object\n        ", "start": 1742569579000, "stop": 1742569589462, "uuid": "aeb2a206-1c3e-488c-a5e4-50b5ea18fedb", "historyId": "7b2139607f060f72ed194c2332ae5e4f", "testCaseId": "6449ac1249e1ad79c544de275b79100b", "fullName": "ssqatest.tests.frontend.home_page.test_displayed_labeled.TestProductName#test_verify_x_y_result_is_displayed", "labels": [{"name": "tag", "value": "ecomfe33"}, {"name": "tag", "value": "@pytest.mark.usefixtures('init_driver')"}, {"name": "parentSuite", "value": "ssqatest.tests.frontend.home_page"}, {"name": "suite", "value": "test_displayed_labeled"}, {"name": "subSuite", "value": "TestProductName"}, {"name": "host", "value": "latha"}, {"name": "thread", "value": "15964-MainThread"}, {"name": "framework", "value": "pytest"}, {"name": "language", "value": "cpython3"}, {"name": "package", "value": "ssqatest.tests.frontend.home_page.test_displayed_labeled"}]}