{"name": "test_login_password_label", "status": "failed", "statusDetails": {"message": "AssertionError: my account page login password label is not correct\nassert 'Password *\\nRequired' == 'Password *'\n  - Password *\n  + Password *\n  ?           +\n  + Required", "trace": "self = <ssqatest.tests.frontend.my_account.test_my_Account_page_have_login_form.TestLoginForm object at 0x00000225D48C9610>, setup = None\n\n    @pytest.mark.tcid9\n    @pytest.mark.ecomfe106\n    def test_login_password_label(self, setup):\n        \"\"\"\n        Test to verify the label for the login password field on the My Account page.\n    \n        Args:\n            setup: A setup object\n        \"\"\"\n    \n        logger.info(f\"Running Test: test_login_password_label\")\n        self.homepage.go_to_home_page()\n        self.signout.go_to_my_account()\n    \n        login_password = self.signout.get_login_pw_lable()\n    \n        # Assert that login password label is correct\n>       assert login_password == 'Password *', \"my account page login password label is not correct\"\nE       AssertionError: my account page login password label is not correct\nE       assert 'Password *\\nRequired' == 'Password *'\nE         - Password *\nE         + Password *\nE         ?           +\nE         + Required\n\nssqatest\\tests\\frontend\\my_account\\test_my_Account_page_have_login_form.py:75: AssertionError"}, "description": "\n        Test to verify the label for the login password field on the My Account page.\n\n        Args:\n            setup: A setup object\n        ", "start": 1742569970713, "stop": 1742569971465, "uuid": "fbad9419-50b0-4fd9-a514-443e85eacb2a", "historyId": "00e7dda0721c52dacfe139528d7ce002", "testCaseId": "fbc4eee8c56766eb91817ba9962a995f", "fullName": "ssqatest.tests.frontend.my_account.test_my_Account_page_have_login_form.TestLoginForm#test_login_password_label", "labels": [{"name": "tag", "value": "ecomfe106"}, {"name": "tag", "value": "tcid9"}, {"name": "tag", "value": "@pytest.mark.usefixtures('init_driver')"}, {"name": "parentSuite", "value": "ssqatest.tests.frontend.my_account"}, {"name": "suite", "value": "test_my_Account_page_have_login_form"}, {"name": "subSuite", "value": "TestLoginForm"}, {"name": "host", "value": "latha"}, {"name": "thread", "value": "15964-MainThread"}, {"name": "framework", "value": "pytest"}, {"name": "language", "value": "cpython3"}, {"name": "package", "value": "ssqatest.tests.frontend.my_account.test_my_Account_page_have_login_form"}]}